{"name":"To verify add service feature","status":"broken","statusDetails":{"known":false,"muted":false,"flaky":false,"message":"Cannot locate element with text: Payment Service \nFor documentation on this error, please visit: https://www.seleniumhq.org/exceptions/no_such_element.html\nBuild info: version: '3.141.59', revision: 'e82be7d358', time: '2018-11-14T08:17:03'\nSystem info: host: 'INNOIL00093', ip: '192.168.1.7', os.name: 'Windows 10', os.arch: 'amd64', os.version: '10.0', java.version: '16.0.2'\nDriver info: driver.version: unknown","trace":"org.openqa.selenium.NoSuchElementException: Cannot locate element with text: Payment Service \nFor documentation on this error, please visit: https://www.seleniumhq.org/exceptions/no_such_element.html\nBuild info: version: '3.141.59', revision: 'e82be7d358', time: '2018-11-14T08:17:03'\nSystem info: host: 'INNOIL00093', ip: '192.168.1.7', os.name: 'Windows 10', os.arch: 'amd64', os.version: '10.0', java.version: '16.0.2'\nDriver info: driver.version: unknown\r\n\tat org.openqa.selenium.support.ui.Select.selectByVisibleText(Select.java:147)\r\n\tat web.WebDriverBase.dropdownSelectByValue(WebDriverBase.java:157)\r\n\tat web.pages.ServicePage.addService(ServicePage.java:38)\r\n\tat stepdefinitions.ServicePageSteps.enter_the(ServicePageSteps.java:38)\r\n\tat ✽.Enter the \"central tenant\" \"Service\" \"Payment Service \" \"30-05-2022\"(file:///D:/GitlabProject/admin-control-automation-test/src/test/resources/features/services.feature:8)\r\n"},"stage":"finished","steps":[{"name":"Given  User is already logged in","status":"passed","statusDetails":{"known":false,"muted":false,"flaky":false},"stage":"finished","steps":[],"attachments":[],"parameters":[],"start":1653895080410,"stop":1653895080410},{"name":"When  i click on Subscription and package Menu and navigate to Services","status":"passed","statusDetails":{"known":false,"muted":false,"flaky":false},"stage":"finished","steps":[],"attachments":[],"parameters":[],"start":1653895080410,"stop":1653895090636},{"name":"And  I click on Add button","status":"passed","statusDetails":{"known":false,"muted":false,"flaky":false},"stage":"finished","steps":[],"attachments":[],"parameters":[],"start":1653895090636,"stop":1653895091808},{"name":"And  Enter the \"central tenant\" \"Service\" \"Payment Service \" \"30-05-2022\"","status":"broken","statusDetails":{"known":false,"muted":false,"flaky":false,"message":"Cannot locate element with text: Payment Service \nFor documentation on this error, please visit: https://www.seleniumhq.org/exceptions/no_such_element.html\nBuild info: version: '3.141.59', revision: 'e82be7d358', time: '2018-11-14T08:17:03'\nSystem info: host: 'INNOIL00093', ip: '192.168.1.7', os.name: 'Windows 10', os.arch: 'amd64', os.version: '10.0', java.version: '16.0.2'\nDriver info: driver.version: unknown","trace":"org.openqa.selenium.NoSuchElementException: Cannot locate element with text: Payment Service \nFor documentation on this error, please visit: https://www.seleniumhq.org/exceptions/no_such_element.html\nBuild info: version: '3.141.59', revision: 'e82be7d358', time: '2018-11-14T08:17:03'\nSystem info: host: 'INNOIL00093', ip: '192.168.1.7', os.name: 'Windows 10', os.arch: 'amd64', os.version: '10.0', java.version: '16.0.2'\nDriver info: driver.version: unknown\r\n\tat org.openqa.selenium.support.ui.Select.selectByVisibleText(Select.java:147)\r\n\tat web.WebDriverBase.dropdownSelectByValue(WebDriverBase.java:157)\r\n\tat web.pages.ServicePage.addService(ServicePage.java:38)\r\n\tat stepdefinitions.ServicePageSteps.enter_the(ServicePageSteps.java:38)\r\n\tat ✽.Enter the \"central tenant\" \"Service\" \"Payment Service \" \"30-05-2022\"(file:///D:/GitlabProject/admin-control-automation-test/src/test/resources/features/services.feature:8)\r\n"},"stage":"finished","steps":[],"attachments":[],"parameters":[],"start":1653895091808,"stop":1653895095833},{"name":"Then  login successfull","status":"skipped","statusDetails":{"known":false,"muted":false,"flaky":false},"stage":"finished","steps":[],"attachments":[],"parameters":[],"start":1653895095833,"stop":1653895095833}],"attachments":[],"parameters":[{"name":"tenantName","value":"\"central tenant\""},{"name":"serviceName","value":"\"Service\""},{"name":"category","value":"\"Payment Service \""},{"name":"publishDate","value":"\"30-05-2022\""}],"start":1653895080410,"stop":1653895095833,"uuid":"00cf75a3-d883-46d9-8ef2-f27011c92dd6","historyId":"818eee25129b3531924390f2e1ac252","fullName":"To validate service feature: To verify add service feature","labels":[{"name":"tag","value":"devweb"},{"name":"host","value":"INNOIL00093"},{"name":"thread","value":"17292@INNOIL00093.main(1)"},{"name":"feature","value":"To validate service feature"},{"name":"story","value":"To verify add service feature"},{"name":"suite","value":"To validate service feature"},{"name":"testClass","value":"To verify add service feature"},{"name":"framework","value":"cucumber4jvm"},{"name":"language","value":"java"},{"name":"gherkin_uri","value":"file:///D:/GitlabProject/admin-control-automation-test/src/test/resources/features/services.feature"},{"name":"package","value":"src.test.resources.features.services_feature.To validate service feature"}],"links":[]}