{"name":"To verify add package feature","status":"broken","statusDetails":{"known":false,"muted":false,"flaky":false,"message":"element click intercepted: Element <select _ngcontent-eue-c134=\"\" formcontrolname=\"tenantId\" name=\"tenantId\" id=\"tenantId\" class=\"form-control ng-untouched ng-pristine ng-invalid\">...</select> is not clickable at point (486, 310). Other element would receive the click: <div _ngcontent-eue-c66=\"\" class=\"backdrop\"></div>\n  (Session info: chrome=102.0.5005.63)\nBuild info: version: '3.141.59', revision: 'e82be7d358', time: '2018-11-14T08:17:03'\nSystem info: host: 'INNOIL00171', ip: '192.168.1.39', os.name: 'Windows 10', os.arch: 'amd64', os.version: '10.0', java.version: '16.0.2'\nDriver info: org.openqa.selenium.chrome.ChromeDriver\nCapabilities {acceptInsecureCerts: false, browserName: chrome, browserVersion: 102.0.5005.63, chrome: {chromedriverVersion: 101.0.4951.41 (93c720db8323..., userDataDir: C:\\Users\\SSRIVA~1\\AppData\\L...}, goog:chromeOptions: {debuggerAddress: localhost:55026}, javascriptEnabled: true, networkConnectionEnabled: false, pageLoadStrategy: normal, platform: WINDOWS, platformName: WINDOWS, proxy: Proxy(), setWindowRect: true, strictFileInteractability: false, timeouts: {implicit: 0, pageLoad: 300000, script: 30000}, unhandledPromptBehavior: dismiss and notify, webauthn:extension:credBlob: true, webauthn:extension:largeBlob: true, webauthn:virtualAuthenticators: true}\nSession ID: ac4850f426ba918c33d73b492fb9a339","trace":"org.openqa.selenium.ElementClickInterceptedException: element click intercepted: Element <select _ngcontent-eue-c134=\"\" formcontrolname=\"tenantId\" name=\"tenantId\" id=\"tenantId\" class=\"form-control ng-untouched ng-pristine ng-invalid\">...</select> is not clickable at point (486, 310). Other element would receive the click: <div _ngcontent-eue-c66=\"\" class=\"backdrop\"></div>\n  (Session info: chrome=102.0.5005.63)\nBuild info: version: '3.141.59', revision: 'e82be7d358', time: '2018-11-14T08:17:03'\nSystem info: host: 'INNOIL00171', ip: '192.168.1.39', os.name: 'Windows 10', os.arch: 'amd64', os.version: '10.0', java.version: '16.0.2'\nDriver info: org.openqa.selenium.chrome.ChromeDriver\nCapabilities {acceptInsecureCerts: false, browserName: chrome, browserVersion: 102.0.5005.63, chrome: {chromedriverVersion: 101.0.4951.41 (93c720db8323..., userDataDir: C:\\Users\\SSRIVA~1\\AppData\\L...}, goog:chromeOptions: {debuggerAddress: localhost:55026}, javascriptEnabled: true, networkConnectionEnabled: false, pageLoadStrategy: normal, platform: WINDOWS, platformName: WINDOWS, proxy: Proxy(), setWindowRect: true, strictFileInteractability: false, timeouts: {implicit: 0, pageLoad: 300000, script: 30000}, unhandledPromptBehavior: dismiss and notify, webauthn:extension:credBlob: true, webauthn:extension:largeBlob: true, webauthn:virtualAuthenticators: true}\nSession ID: ac4850f426ba918c33d73b492fb9a339\r\n\tat java.base/jdk.internal.reflect.NativeConstructorAccessorImpl.newInstance0(Native Method)\r\n\tat java.base/jdk.internal.reflect.NativeConstructorAccessorImpl.newInstance(NativeConstructorAccessorImpl.java:78)\r\n\tat java.base/jdk.internal.reflect.DelegatingConstructorAccessorImpl.newInstance(DelegatingConstructorAccessorImpl.java:45)\r\n\tat java.base/java.lang.reflect.Constructor.newInstanceWithCaller(Constructor.java:499)\r\n\tat java.base/java.lang.reflect.Constructor.newInstance(Constructor.java:480)\r\n\tat org.openqa.selenium.remote.http.W3CHttpResponseCodec.createException(W3CHttpResponseCodec.java:187)\r\n\tat org.openqa.selenium.remote.http.W3CHttpResponseCodec.decode(W3CHttpResponseCodec.java:122)\r\n\tat org.openqa.selenium.remote.http.W3CHttpResponseCodec.decode(W3CHttpResponseCodec.java:49)\r\n\tat org.openqa.selenium.remote.HttpCommandExecutor.execute(HttpCommandExecutor.java:158)\r\n\tat org.openqa.selenium.remote.service.DriverCommandExecutor.execute(DriverCommandExecutor.java:83)\r\n\tat org.openqa.selenium.remote.RemoteWebDriver.execute(RemoteWebDriver.java:552)\r\n\tat org.openqa.selenium.remote.RemoteWebElement.execute(RemoteWebElement.java:285)\r\n\tat org.openqa.selenium.remote.RemoteWebElement.click(RemoteWebElement.java:84)\r\n\tat web.WebDriverBase.click(WebDriverBase.java:123)\r\n\tat web.WebDriverBase.dropdownSelectByValue(WebDriverBase.java:158)\r\n\tat web.pages.ServicePage.addService(ServicePage.java:43)\r\n\tat stepdefinitions.ServicePageSteps.enter_the(ServicePageSteps.java:38)\r\n\tat ✽.Enter the \"central tenant\" \"TestService\" \"Payment Service\" \"30-05-2022\"(file:///D:/Web/admin-control-automation-test/src/test/resources/features/package.feature:8)\r\n"},"stage":"finished","steps":[{"name":"Given  User is logged in already","status":"passed","statusDetails":{"known":false,"muted":false,"flaky":false},"stage":"finished","steps":[],"attachments":[],"parameters":[],"start":1654835597999,"stop":1654835598003},{"name":"When  User clicks  Service and catalog Menu and navigate to Package menu","status":"passed","statusDetails":{"known":false,"muted":false,"flaky":false},"stage":"finished","steps":[],"attachments":[],"parameters":[],"start":1654835598003,"stop":1654835603344},{"name":"And  User clicks on add button","status":"passed","statusDetails":{"known":false,"muted":false,"flaky":false},"stage":"finished","steps":[],"attachments":[],"parameters":[],"start":1654835603345,"stop":1654835604406},{"name":"And  Enter the \"central tenant\" \"TestService\" \"Payment Service\" \"30-05-2022\"","status":"broken","statusDetails":{"known":false,"muted":false,"flaky":false,"message":"element click intercepted: Element <select _ngcontent-eue-c134=\"\" formcontrolname=\"tenantId\" name=\"tenantId\" id=\"tenantId\" class=\"form-control ng-untouched ng-pristine ng-invalid\">...</select> is not clickable at point (486, 310). Other element would receive the click: <div _ngcontent-eue-c66=\"\" class=\"backdrop\"></div>\n  (Session info: chrome=102.0.5005.63)\nBuild info: version: '3.141.59', revision: 'e82be7d358', time: '2018-11-14T08:17:03'\nSystem info: host: 'INNOIL00171', ip: '192.168.1.39', os.name: 'Windows 10', os.arch: 'amd64', os.version: '10.0', java.version: '16.0.2'\nDriver info: org.openqa.selenium.chrome.ChromeDriver\nCapabilities {acceptInsecureCerts: false, browserName: chrome, browserVersion: 102.0.5005.63, chrome: {chromedriverVersion: 101.0.4951.41 (93c720db8323..., userDataDir: C:\\Users\\SSRIVA~1\\AppData\\L...}, goog:chromeOptions: {debuggerAddress: localhost:55026}, javascriptEnabled: true, networkConnectionEnabled: false, pageLoadStrategy: normal, platform: WINDOWS, platformName: WINDOWS, proxy: Proxy(), setWindowRect: true, strictFileInteractability: false, timeouts: {implicit: 0, pageLoad: 300000, script: 30000}, unhandledPromptBehavior: dismiss and notify, webauthn:extension:credBlob: true, webauthn:extension:largeBlob: true, webauthn:virtualAuthenticators: true}\nSession ID: ac4850f426ba918c33d73b492fb9a339","trace":"org.openqa.selenium.ElementClickInterceptedException: element click intercepted: Element <select _ngcontent-eue-c134=\"\" formcontrolname=\"tenantId\" name=\"tenantId\" id=\"tenantId\" class=\"form-control ng-untouched ng-pristine ng-invalid\">...</select> is not clickable at point (486, 310). Other element would receive the click: <div _ngcontent-eue-c66=\"\" class=\"backdrop\"></div>\n  (Session info: chrome=102.0.5005.63)\nBuild info: version: '3.141.59', revision: 'e82be7d358', time: '2018-11-14T08:17:03'\nSystem info: host: 'INNOIL00171', ip: '192.168.1.39', os.name: 'Windows 10', os.arch: 'amd64', os.version: '10.0', java.version: '16.0.2'\nDriver info: org.openqa.selenium.chrome.ChromeDriver\nCapabilities {acceptInsecureCerts: false, browserName: chrome, browserVersion: 102.0.5005.63, chrome: {chromedriverVersion: 101.0.4951.41 (93c720db8323..., userDataDir: C:\\Users\\SSRIVA~1\\AppData\\L...}, goog:chromeOptions: {debuggerAddress: localhost:55026}, javascriptEnabled: true, networkConnectionEnabled: false, pageLoadStrategy: normal, platform: WINDOWS, platformName: WINDOWS, proxy: Proxy(), setWindowRect: true, strictFileInteractability: false, timeouts: {implicit: 0, pageLoad: 300000, script: 30000}, unhandledPromptBehavior: dismiss and notify, webauthn:extension:credBlob: true, webauthn:extension:largeBlob: true, webauthn:virtualAuthenticators: true}\nSession ID: ac4850f426ba918c33d73b492fb9a339\r\n\tat java.base/jdk.internal.reflect.NativeConstructorAccessorImpl.newInstance0(Native Method)\r\n\tat java.base/jdk.internal.reflect.NativeConstructorAccessorImpl.newInstance(NativeConstructorAccessorImpl.java:78)\r\n\tat java.base/jdk.internal.reflect.DelegatingConstructorAccessorImpl.newInstance(DelegatingConstructorAccessorImpl.java:45)\r\n\tat java.base/java.lang.reflect.Constructor.newInstanceWithCaller(Constructor.java:499)\r\n\tat java.base/java.lang.reflect.Constructor.newInstance(Constructor.java:480)\r\n\tat org.openqa.selenium.remote.http.W3CHttpResponseCodec.createException(W3CHttpResponseCodec.java:187)\r\n\tat org.openqa.selenium.remote.http.W3CHttpResponseCodec.decode(W3CHttpResponseCodec.java:122)\r\n\tat org.openqa.selenium.remote.http.W3CHttpResponseCodec.decode(W3CHttpResponseCodec.java:49)\r\n\tat org.openqa.selenium.remote.HttpCommandExecutor.execute(HttpCommandExecutor.java:158)\r\n\tat org.openqa.selenium.remote.service.DriverCommandExecutor.execute(DriverCommandExecutor.java:83)\r\n\tat org.openqa.selenium.remote.RemoteWebDriver.execute(RemoteWebDriver.java:552)\r\n\tat org.openqa.selenium.remote.RemoteWebElement.execute(RemoteWebElement.java:285)\r\n\tat org.openqa.selenium.remote.RemoteWebElement.click(RemoteWebElement.java:84)\r\n\tat web.WebDriverBase.click(WebDriverBase.java:123)\r\n\tat web.WebDriverBase.dropdownSelectByValue(WebDriverBase.java:158)\r\n\tat web.pages.ServicePage.addService(ServicePage.java:43)\r\n\tat stepdefinitions.ServicePageSteps.enter_the(ServicePageSteps.java:38)\r\n\tat ✽.Enter the \"central tenant\" \"TestService\" \"Payment Service\" \"30-05-2022\"(file:///D:/Web/admin-control-automation-test/src/test/resources/features/package.feature:8)\r\n"},"stage":"finished","steps":[],"attachments":[],"parameters":[],"start":1654835604407,"stop":1654835605642},{"name":"Then  login successfull","status":"skipped","statusDetails":{"known":false,"muted":false,"flaky":false},"stage":"finished","steps":[],"attachments":[],"parameters":[],"start":1654835605644,"stop":1654835605644}],"attachments":[],"parameters":[{"name":"tenantName","value":"\"central tenant\""},{"name":"serviceName","value":"\"TestService\""},{"name":"category","value":"\"Payment Service\""},{"name":"publishDate","value":"\"30-05-2022\""}],"start":1654835597999,"stop":1654835605648,"uuid":"1283e42b-5259-4ddb-bf04-ebcc73c27d62","historyId":"170f3875f395b54585f19a7c3f9863c1","fullName":"To validate  package Feature: To verify add package feature","labels":[{"name":"tag","value":"devweb"},{"name":"host","value":"INNOIL00171"},{"name":"thread","value":"20076@INNOIL00171.main(1)"},{"name":"feature","value":"To validate  package Feature"},{"name":"story","value":"To verify add package feature"},{"name":"suite","value":"To validate  package Feature"},{"name":"testClass","value":"To verify add package feature"},{"name":"framework","value":"cucumber4jvm"},{"name":"language","value":"java"},{"name":"gherkin_uri","value":"file:///D:/Web/admin-control-automation-test/src/test/resources/features/package.feature"},{"name":"package","value":"src.test.resources.features.package_feature.To validate  package Feature"}],"links":[]}