{"name":"To verify add service feature","status":"broken","statusDetails":{"known":false,"muted":false,"flaky":false,"message":"element click intercepted: Element <select _ngcontent-vfw-c171=\"\" formcontrolname=\"tenantId\" id=\"tenantId\" class=\"form-control ng-untouched ng-pristine ng-invalid\">...</select> is not clickable at point (443, 310). Other element would receive the click: <div _ngcontent-vfw-c66=\"\" class=\"backdrop\"></div>\n  (Session info: chrome=101.0.4951.67)\nBuild info: version: '3.141.59', revision: 'e82be7d358', time: '2018-11-14T08:17:03'\nSystem info: host: 'INNOIL00093', ip: '192.168.1.28', os.name: 'Windows 10', os.arch: 'amd64', os.version: '10.0', java.version: '16.0.2'\nDriver info: org.openqa.selenium.chrome.ChromeDriver\nCapabilities {acceptInsecureCerts: false, browserName: chrome, browserVersion: 101.0.4951.67, chrome: {chromedriverVersion: 101.0.4951.41 (93c720db8323..., userDataDir: C:\\Users\\adobhal\\AppData\\Lo...}, goog:chromeOptions: {debuggerAddress: localhost:64896}, javascriptEnabled: true, networkConnectionEnabled: false, pageLoadStrategy: normal, platform: WINDOWS, platformName: WINDOWS, proxy: Proxy(), setWindowRect: true, strictFileInteractability: false, timeouts: {implicit: 0, pageLoad: 300000, script: 30000}, unhandledPromptBehavior: dismiss and notify, webauthn:extension:credBlob: true, webauthn:extension:largeBlob: true, webauthn:virtualAuthenticators: true}\nSession ID: 1b569fcc4acf399336184bbdac419261","trace":"org.openqa.selenium.ElementClickInterceptedException: element click intercepted: Element <select _ngcontent-vfw-c171=\"\" formcontrolname=\"tenantId\" id=\"tenantId\" class=\"form-control ng-untouched ng-pristine ng-invalid\">...</select> is not clickable at point (443, 310). Other element would receive the click: <div _ngcontent-vfw-c66=\"\" class=\"backdrop\"></div>\n  (Session info: chrome=101.0.4951.67)\nBuild info: version: '3.141.59', revision: 'e82be7d358', time: '2018-11-14T08:17:03'\nSystem info: host: 'INNOIL00093', ip: '192.168.1.28', os.name: 'Windows 10', os.arch: 'amd64', os.version: '10.0', java.version: '16.0.2'\nDriver info: org.openqa.selenium.chrome.ChromeDriver\nCapabilities {acceptInsecureCerts: false, browserName: chrome, browserVersion: 101.0.4951.67, chrome: {chromedriverVersion: 101.0.4951.41 (93c720db8323..., userDataDir: C:\\Users\\adobhal\\AppData\\Lo...}, goog:chromeOptions: {debuggerAddress: localhost:64896}, javascriptEnabled: true, networkConnectionEnabled: false, pageLoadStrategy: normal, platform: WINDOWS, platformName: WINDOWS, proxy: Proxy(), setWindowRect: true, strictFileInteractability: false, timeouts: {implicit: 0, pageLoad: 300000, script: 30000}, unhandledPromptBehavior: dismiss and notify, webauthn:extension:credBlob: true, webauthn:extension:largeBlob: true, webauthn:virtualAuthenticators: true}\nSession ID: 1b569fcc4acf399336184bbdac419261\r\n\tat java.base/jdk.internal.reflect.NativeConstructorAccessorImpl.newInstance0(Native Method)\r\n\tat java.base/jdk.internal.reflect.NativeConstructorAccessorImpl.newInstance(NativeConstructorAccessorImpl.java:78)\r\n\tat java.base/jdk.internal.reflect.DelegatingConstructorAccessorImpl.newInstance(DelegatingConstructorAccessorImpl.java:45)\r\n\tat java.base/java.lang.reflect.Constructor.newInstanceWithCaller(Constructor.java:499)\r\n\tat java.base/java.lang.reflect.Constructor.newInstance(Constructor.java:480)\r\n\tat org.openqa.selenium.remote.http.W3CHttpResponseCodec.createException(W3CHttpResponseCodec.java:187)\r\n\tat org.openqa.selenium.remote.http.W3CHttpResponseCodec.decode(W3CHttpResponseCodec.java:122)\r\n\tat org.openqa.selenium.remote.http.W3CHttpResponseCodec.decode(W3CHttpResponseCodec.java:49)\r\n\tat org.openqa.selenium.remote.HttpCommandExecutor.execute(HttpCommandExecutor.java:158)\r\n\tat org.openqa.selenium.remote.service.DriverCommandExecutor.execute(DriverCommandExecutor.java:83)\r\n\tat org.openqa.selenium.remote.RemoteWebDriver.execute(RemoteWebDriver.java:552)\r\n\tat org.openqa.selenium.remote.RemoteWebElement.execute(RemoteWebElement.java:285)\r\n\tat org.openqa.selenium.remote.RemoteWebElement.click(RemoteWebElement.java:84)\r\n\tat web.WebDriverBase.click(WebDriverBase.java:122)\r\n\tat web.WebDriverBase.dropdownSelectByValue(WebDriverBase.java:157)\r\n\tat web.pages.ServicePage.addService(ServicePage.java:39)\r\n\tat stepdefinitions.ServicePageSteps.enter_the(ServicePageSteps.java:38)\r\n\tat ✽.Enter the \"central tenant\" \"TestService\" \"Payment Service\" \"30-05-2022\"(file:///D:/GitlabProject/admin-control-automation-test/src/test/resources/features/services.feature:8)\r\n"},"stage":"finished","steps":[{"name":"Given  User is already logged in","status":"passed","statusDetails":{"known":false,"muted":false,"flaky":false},"stage":"finished","steps":[],"attachments":[],"parameters":[],"start":1654599874432,"stop":1654599874432},{"name":"When  i click on Subscription and package Menu and navigate to Services","status":"passed","statusDetails":{"known":false,"muted":false,"flaky":false},"stage":"finished","steps":[],"attachments":[],"parameters":[],"start":1654599874432,"stop":1654599884659},{"name":"And  I click on Add button","status":"passed","statusDetails":{"known":false,"muted":false,"flaky":false},"stage":"finished","steps":[],"attachments":[],"parameters":[],"start":1654599884660,"stop":1654599885649},{"name":"And  Enter the \"central tenant\" \"TestService\" \"Payment Service\" \"30-05-2022\"","status":"broken","statusDetails":{"known":false,"muted":false,"flaky":false,"message":"element click intercepted: Element <select _ngcontent-vfw-c171=\"\" formcontrolname=\"tenantId\" id=\"tenantId\" class=\"form-control ng-untouched ng-pristine ng-invalid\">...</select> is not clickable at point (443, 310). Other element would receive the click: <div _ngcontent-vfw-c66=\"\" class=\"backdrop\"></div>\n  (Session info: chrome=101.0.4951.67)\nBuild info: version: '3.141.59', revision: 'e82be7d358', time: '2018-11-14T08:17:03'\nSystem info: host: 'INNOIL00093', ip: '192.168.1.28', os.name: 'Windows 10', os.arch: 'amd64', os.version: '10.0', java.version: '16.0.2'\nDriver info: org.openqa.selenium.chrome.ChromeDriver\nCapabilities {acceptInsecureCerts: false, browserName: chrome, browserVersion: 101.0.4951.67, chrome: {chromedriverVersion: 101.0.4951.41 (93c720db8323..., userDataDir: C:\\Users\\adobhal\\AppData\\Lo...}, goog:chromeOptions: {debuggerAddress: localhost:64896}, javascriptEnabled: true, networkConnectionEnabled: false, pageLoadStrategy: normal, platform: WINDOWS, platformName: WINDOWS, proxy: Proxy(), setWindowRect: true, strictFileInteractability: false, timeouts: {implicit: 0, pageLoad: 300000, script: 30000}, unhandledPromptBehavior: dismiss and notify, webauthn:extension:credBlob: true, webauthn:extension:largeBlob: true, webauthn:virtualAuthenticators: true}\nSession ID: 1b569fcc4acf399336184bbdac419261","trace":"org.openqa.selenium.ElementClickInterceptedException: element click intercepted: Element <select _ngcontent-vfw-c171=\"\" formcontrolname=\"tenantId\" id=\"tenantId\" class=\"form-control ng-untouched ng-pristine ng-invalid\">...</select> is not clickable at point (443, 310). Other element would receive the click: <div _ngcontent-vfw-c66=\"\" class=\"backdrop\"></div>\n  (Session info: chrome=101.0.4951.67)\nBuild info: version: '3.141.59', revision: 'e82be7d358', time: '2018-11-14T08:17:03'\nSystem info: host: 'INNOIL00093', ip: '192.168.1.28', os.name: 'Windows 10', os.arch: 'amd64', os.version: '10.0', java.version: '16.0.2'\nDriver info: org.openqa.selenium.chrome.ChromeDriver\nCapabilities {acceptInsecureCerts: false, browserName: chrome, browserVersion: 101.0.4951.67, chrome: {chromedriverVersion: 101.0.4951.41 (93c720db8323..., userDataDir: C:\\Users\\adobhal\\AppData\\Lo...}, goog:chromeOptions: {debuggerAddress: localhost:64896}, javascriptEnabled: true, networkConnectionEnabled: false, pageLoadStrategy: normal, platform: WINDOWS, platformName: WINDOWS, proxy: Proxy(), setWindowRect: true, strictFileInteractability: false, timeouts: {implicit: 0, pageLoad: 300000, script: 30000}, unhandledPromptBehavior: dismiss and notify, webauthn:extension:credBlob: true, webauthn:extension:largeBlob: true, webauthn:virtualAuthenticators: true}\nSession ID: 1b569fcc4acf399336184bbdac419261\r\n\tat java.base/jdk.internal.reflect.NativeConstructorAccessorImpl.newInstance0(Native Method)\r\n\tat java.base/jdk.internal.reflect.NativeConstructorAccessorImpl.newInstance(NativeConstructorAccessorImpl.java:78)\r\n\tat java.base/jdk.internal.reflect.DelegatingConstructorAccessorImpl.newInstance(DelegatingConstructorAccessorImpl.java:45)\r\n\tat java.base/java.lang.reflect.Constructor.newInstanceWithCaller(Constructor.java:499)\r\n\tat java.base/java.lang.reflect.Constructor.newInstance(Constructor.java:480)\r\n\tat org.openqa.selenium.remote.http.W3CHttpResponseCodec.createException(W3CHttpResponseCodec.java:187)\r\n\tat org.openqa.selenium.remote.http.W3CHttpResponseCodec.decode(W3CHttpResponseCodec.java:122)\r\n\tat org.openqa.selenium.remote.http.W3CHttpResponseCodec.decode(W3CHttpResponseCodec.java:49)\r\n\tat org.openqa.selenium.remote.HttpCommandExecutor.execute(HttpCommandExecutor.java:158)\r\n\tat org.openqa.selenium.remote.service.DriverCommandExecutor.execute(DriverCommandExecutor.java:83)\r\n\tat org.openqa.selenium.remote.RemoteWebDriver.execute(RemoteWebDriver.java:552)\r\n\tat org.openqa.selenium.remote.RemoteWebElement.execute(RemoteWebElement.java:285)\r\n\tat org.openqa.selenium.remote.RemoteWebElement.click(RemoteWebElement.java:84)\r\n\tat web.WebDriverBase.click(WebDriverBase.java:122)\r\n\tat web.WebDriverBase.dropdownSelectByValue(WebDriverBase.java:157)\r\n\tat web.pages.ServicePage.addService(ServicePage.java:39)\r\n\tat stepdefinitions.ServicePageSteps.enter_the(ServicePageSteps.java:38)\r\n\tat ✽.Enter the \"central tenant\" \"TestService\" \"Payment Service\" \"30-05-2022\"(file:///D:/GitlabProject/admin-control-automation-test/src/test/resources/features/services.feature:8)\r\n"},"stage":"finished","steps":[],"attachments":[],"parameters":[],"start":1654599885649,"stop":1654599886723},{"name":"Then  login successfull","status":"skipped","statusDetails":{"known":false,"muted":false,"flaky":false},"stage":"finished","steps":[],"attachments":[],"parameters":[],"start":1654599886723,"stop":1654599886723}],"attachments":[],"parameters":[{"name":"tenantName","value":"\"central tenant\""},{"name":"serviceName","value":"\"TestService\""},{"name":"category","value":"\"Payment Service\""},{"name":"publishDate","value":"\"30-05-2022\""}],"start":1654599874432,"stop":1654599886727,"uuid":"3f43950f-fad5-4840-a60a-fb5c63ae55de","historyId":"818eee25129b3531924390f2e1ac252","fullName":"To validate service feature: To verify add service feature","labels":[{"name":"tag","value":"devweb"},{"name":"host","value":"INNOIL00093"},{"name":"thread","value":"43160@INNOIL00093.main(1)"},{"name":"feature","value":"To validate service feature"},{"name":"story","value":"To verify add service feature"},{"name":"suite","value":"To validate service feature"},{"name":"testClass","value":"To verify add service feature"},{"name":"framework","value":"cucumber4jvm"},{"name":"language","value":"java"},{"name":"gherkin_uri","value":"file:///D:/GitlabProject/admin-control-automation-test/src/test/resources/features/services.feature"},{"name":"package","value":"src.test.resources.features.services_feature.To validate service feature"}],"links":[]}