{"name":"To verify add service feature","status":"broken","statusDetails":{"known":false,"muted":false,"flaky":false,"message":"Cannot locate element with text: central tenant\nFor documentation on this error, please visit: https://www.seleniumhq.org/exceptions/no_such_element.html\nBuild info: version: '3.141.59', revision: 'e82be7d358', time: '2018-11-14T08:17:03'\nSystem info: host: 'INNOIL00093', ip: '192.168.1.7', os.name: 'Windows 10', os.arch: 'amd64', os.version: '10.0', java.version: '16.0.2'\nDriver info: driver.version: unknown","trace":"org.openqa.selenium.NoSuchElementException: Cannot locate element with text: central tenant\nFor documentation on this error, please visit: https://www.seleniumhq.org/exceptions/no_such_element.html\nBuild info: version: '3.141.59', revision: 'e82be7d358', time: '2018-11-14T08:17:03'\nSystem info: host: 'INNOIL00093', ip: '192.168.1.7', os.name: 'Windows 10', os.arch: 'amd64', os.version: '10.0', java.version: '16.0.2'\nDriver info: driver.version: unknown\r\n\tat org.openqa.selenium.support.ui.Select.selectByVisibleText(Select.java:147)\r\n\tat web.WebDriverBase.dropdownSelectByValue(WebDriverBase.java:159)\r\n\tat web.pages.ServicePage.addService(ServicePage.java:47)\r\n\tat stepdefinitions.ServicePageSteps.enter_the(ServicePageSteps.java:38)\r\n\tat ✽.Enter the \"central tenant\" \"TestService\" \"Payment Service\" \"30-05-2022\"(file:///D:/GitlabProject/admin-control-automation-test/src/test/resources/features/services.feature:8)\r\n"},"stage":"finished","steps":[{"name":"Given  User is already logged in","status":"passed","statusDetails":{"known":false,"muted":false,"flaky":false},"stage":"finished","steps":[],"attachments":[],"parameters":[],"start":1654497759750,"stop":1654497759750},{"name":"When  i click on Subscription and package Menu and navigate to Services","status":"passed","statusDetails":{"known":false,"muted":false,"flaky":false},"stage":"finished","steps":[],"attachments":[],"parameters":[],"start":1654497759750,"stop":1654497769998},{"name":"And  I click on Add button","status":"passed","statusDetails":{"known":false,"muted":false,"flaky":false},"stage":"finished","steps":[],"attachments":[],"parameters":[],"start":1654497769998,"stop":1654497771003},{"name":"And  Enter the \"central tenant\" \"TestService\" \"Payment Service\" \"30-05-2022\"","status":"broken","statusDetails":{"known":false,"muted":false,"flaky":false,"message":"Cannot locate element with text: central tenant\nFor documentation on this error, please visit: https://www.seleniumhq.org/exceptions/no_such_element.html\nBuild info: version: '3.141.59', revision: 'e82be7d358', time: '2018-11-14T08:17:03'\nSystem info: host: 'INNOIL00093', ip: '192.168.1.7', os.name: 'Windows 10', os.arch: 'amd64', os.version: '10.0', java.version: '16.0.2'\nDriver info: driver.version: unknown","trace":"org.openqa.selenium.NoSuchElementException: Cannot locate element with text: central tenant\nFor documentation on this error, please visit: https://www.seleniumhq.org/exceptions/no_such_element.html\nBuild info: version: '3.141.59', revision: 'e82be7d358', time: '2018-11-14T08:17:03'\nSystem info: host: 'INNOIL00093', ip: '192.168.1.7', os.name: 'Windows 10', os.arch: 'amd64', os.version: '10.0', java.version: '16.0.2'\nDriver info: driver.version: unknown\r\n\tat org.openqa.selenium.support.ui.Select.selectByVisibleText(Select.java:147)\r\n\tat web.WebDriverBase.dropdownSelectByValue(WebDriverBase.java:159)\r\n\tat web.pages.ServicePage.addService(ServicePage.java:47)\r\n\tat stepdefinitions.ServicePageSteps.enter_the(ServicePageSteps.java:38)\r\n\tat ✽.Enter the \"central tenant\" \"TestService\" \"Payment Service\" \"30-05-2022\"(file:///D:/GitlabProject/admin-control-automation-test/src/test/resources/features/services.feature:8)\r\n"},"stage":"finished","steps":[],"attachments":[],"parameters":[],"start":1654497771003,"stop":1654497771597},{"name":"Then  login successfull","status":"skipped","statusDetails":{"known":false,"muted":false,"flaky":false},"stage":"finished","steps":[],"attachments":[],"parameters":[],"start":1654497771597,"stop":1654497771597}],"attachments":[],"parameters":[{"name":"tenantName","value":"\"central tenant\""},{"name":"serviceName","value":"\"TestService\""},{"name":"category","value":"\"Payment Service\""},{"name":"publishDate","value":"\"30-05-2022\""}],"start":1654497759750,"stop":1654497771598,"uuid":"8de73fd6-34bc-40e4-a72c-4de790b7d24e","historyId":"818eee25129b3531924390f2e1ac252","fullName":"To validate service feature: To verify add service feature","labels":[{"name":"tag","value":"devweb"},{"name":"host","value":"INNOIL00093"},{"name":"thread","value":"20400@INNOIL00093.main(1)"},{"name":"feature","value":"To validate service feature"},{"name":"story","value":"To verify add service feature"},{"name":"suite","value":"To validate service feature"},{"name":"testClass","value":"To verify add service feature"},{"name":"framework","value":"cucumber4jvm"},{"name":"language","value":"java"},{"name":"gherkin_uri","value":"file:///D:/GitlabProject/admin-control-automation-test/src/test/resources/features/services.feature"},{"name":"package","value":"src.test.resources.features.services_feature.To validate service feature"}],"links":[]}