{"name":"To verify Advance Tab details","status":"broken","statusDetails":{"known":false,"muted":false,"flaky":false,"message":"Expected condition failed: waiting for element ([[ChromeDriver: chrome on WINDOWS (4a8aa60705dbe0aacbf3363f72154d4d)] -> xpath: //*[@id=\"ngb-nav-1-panel\"]/form/div[1]/div[3]/div/ng-multiselect-dropdown]) to be selected (tried for 30 second(s) with 500 milliseconds interval)\nBuild info: version: '3.141.59', revision: 'e82be7d358', time: '2018-11-14T08:17:03'\nSystem info: host: 'INNOIL00093', ip: '192.168.1.7', os.name: 'Windows 10', os.arch: 'amd64', os.version: '10.0', java.version: '16.0.2'\nDriver info: org.openqa.selenium.chrome.ChromeDriver\nCapabilities {acceptInsecureCerts: false, browserName: chrome, browserVersion: 101.0.4951.67, chrome: {chromedriverVersion: 101.0.4951.41 (93c720db8323..., userDataDir: C:\\Users\\adobhal\\AppData\\Lo...}, goog:chromeOptions: {debuggerAddress: localhost:54563}, javascriptEnabled: true, networkConnectionEnabled: false, pageLoadStrategy: normal, platform: WINDOWS, platformName: WINDOWS, proxy: Proxy(), setWindowRect: true, strictFileInteractability: false, timeouts: {implicit: 0, pageLoad: 300000, script: 30000}, unhandledPromptBehavior: dismiss and notify, webauthn:extension:credBlob: true, webauthn:extension:largeBlob: true, webauthn:virtualAuthenticators: true}\nSession ID: 4a8aa60705dbe0aacbf3363f72154d4d","trace":"org.openqa.selenium.TimeoutException: Expected condition failed: waiting for element ([[ChromeDriver: chrome on WINDOWS (4a8aa60705dbe0aacbf3363f72154d4d)] -> xpath: //*[@id=\"ngb-nav-1-panel\"]/form/div[1]/div[3]/div/ng-multiselect-dropdown]) to be selected (tried for 30 second(s) with 500 milliseconds interval)\nBuild info: version: '3.141.59', revision: 'e82be7d358', time: '2018-11-14T08:17:03'\nSystem info: host: 'INNOIL00093', ip: '192.168.1.7', os.name: 'Windows 10', os.arch: 'amd64', os.version: '10.0', java.version: '16.0.2'\nDriver info: org.openqa.selenium.chrome.ChromeDriver\nCapabilities {acceptInsecureCerts: false, browserName: chrome, browserVersion: 101.0.4951.67, chrome: {chromedriverVersion: 101.0.4951.41 (93c720db8323..., userDataDir: C:\\Users\\adobhal\\AppData\\Lo...}, goog:chromeOptions: {debuggerAddress: localhost:54563}, javascriptEnabled: true, networkConnectionEnabled: false, pageLoadStrategy: normal, platform: WINDOWS, platformName: WINDOWS, proxy: Proxy(), setWindowRect: true, strictFileInteractability: false, timeouts: {implicit: 0, pageLoad: 300000, script: 30000}, unhandledPromptBehavior: dismiss and notify, webauthn:extension:credBlob: true, webauthn:extension:largeBlob: true, webauthn:virtualAuthenticators: true}\nSession ID: 4a8aa60705dbe0aacbf3363f72154d4d\r\n\tat org.openqa.selenium.support.ui.WebDriverWait.timeoutException(WebDriverWait.java:95)\r\n\tat org.openqa.selenium.support.ui.FluentWait.until(FluentWait.java:272)\r\n\tat web.WebDriverBase.waitElementToBeSelected(WebDriverBase.java:135)\r\n\tat web.WebDriverBase.handleDynamicDropdown(WebDriverBase.java:178)\r\n\tat web.pages.ServicePage.enterAdvanceTabInfo(ServicePage.java:55)\r\n\tat stepdefinitions.ServicePageSteps.i_select(ServicePageSteps.java:48)\r\n\tat ✽.i select \"EMEA\" \"France\"(file:///D:/GitlabProject/admin-control-automation-test/src/test/resources/features/services.feature:17)\r\n"},"stage":"finished","steps":[{"name":"Given  User is on advance tab","status":"passed","statusDetails":{"known":false,"muted":false,"flaky":false},"stage":"finished","steps":[],"attachments":[],"parameters":[],"start":1654058314347,"stop":1654058314348},{"name":"When  i select \"EMEA\" \"France\"","status":"broken","statusDetails":{"known":false,"muted":false,"flaky":false,"message":"Expected condition failed: waiting for element ([[ChromeDriver: chrome on WINDOWS (4a8aa60705dbe0aacbf3363f72154d4d)] -> xpath: //*[@id=\"ngb-nav-1-panel\"]/form/div[1]/div[3]/div/ng-multiselect-dropdown]) to be selected (tried for 30 second(s) with 500 milliseconds interval)\nBuild info: version: '3.141.59', revision: 'e82be7d358', time: '2018-11-14T08:17:03'\nSystem info: host: 'INNOIL00093', ip: '192.168.1.7', os.name: 'Windows 10', os.arch: 'amd64', os.version: '10.0', java.version: '16.0.2'\nDriver info: org.openqa.selenium.chrome.ChromeDriver\nCapabilities {acceptInsecureCerts: false, browserName: chrome, browserVersion: 101.0.4951.67, chrome: {chromedriverVersion: 101.0.4951.41 (93c720db8323..., userDataDir: C:\\Users\\adobhal\\AppData\\Lo...}, goog:chromeOptions: {debuggerAddress: localhost:54563}, javascriptEnabled: true, networkConnectionEnabled: false, pageLoadStrategy: normal, platform: WINDOWS, platformName: WINDOWS, proxy: Proxy(), setWindowRect: true, strictFileInteractability: false, timeouts: {implicit: 0, pageLoad: 300000, script: 30000}, unhandledPromptBehavior: dismiss and notify, webauthn:extension:credBlob: true, webauthn:extension:largeBlob: true, webauthn:virtualAuthenticators: true}\nSession ID: 4a8aa60705dbe0aacbf3363f72154d4d","trace":"org.openqa.selenium.TimeoutException: Expected condition failed: waiting for element ([[ChromeDriver: chrome on WINDOWS (4a8aa60705dbe0aacbf3363f72154d4d)] -> xpath: //*[@id=\"ngb-nav-1-panel\"]/form/div[1]/div[3]/div/ng-multiselect-dropdown]) to be selected (tried for 30 second(s) with 500 milliseconds interval)\nBuild info: version: '3.141.59', revision: 'e82be7d358', time: '2018-11-14T08:17:03'\nSystem info: host: 'INNOIL00093', ip: '192.168.1.7', os.name: 'Windows 10', os.arch: 'amd64', os.version: '10.0', java.version: '16.0.2'\nDriver info: org.openqa.selenium.chrome.ChromeDriver\nCapabilities {acceptInsecureCerts: false, browserName: chrome, browserVersion: 101.0.4951.67, chrome: {chromedriverVersion: 101.0.4951.41 (93c720db8323..., userDataDir: C:\\Users\\adobhal\\AppData\\Lo...}, goog:chromeOptions: {debuggerAddress: localhost:54563}, javascriptEnabled: true, networkConnectionEnabled: false, pageLoadStrategy: normal, platform: WINDOWS, platformName: WINDOWS, proxy: Proxy(), setWindowRect: true, strictFileInteractability: false, timeouts: {implicit: 0, pageLoad: 300000, script: 30000}, unhandledPromptBehavior: dismiss and notify, webauthn:extension:credBlob: true, webauthn:extension:largeBlob: true, webauthn:virtualAuthenticators: true}\nSession ID: 4a8aa60705dbe0aacbf3363f72154d4d\r\n\tat org.openqa.selenium.support.ui.WebDriverWait.timeoutException(WebDriverWait.java:95)\r\n\tat org.openqa.selenium.support.ui.FluentWait.until(FluentWait.java:272)\r\n\tat web.WebDriverBase.waitElementToBeSelected(WebDriverBase.java:135)\r\n\tat web.WebDriverBase.handleDynamicDropdown(WebDriverBase.java:178)\r\n\tat web.pages.ServicePage.enterAdvanceTabInfo(ServicePage.java:55)\r\n\tat stepdefinitions.ServicePageSteps.i_select(ServicePageSteps.java:48)\r\n\tat ✽.i select \"EMEA\" \"France\"(file:///D:/GitlabProject/admin-control-automation-test/src/test/resources/features/services.feature:17)\r\n"},"stage":"finished","steps":[],"attachments":[],"parameters":[],"start":1654058314348,"stop":1654058349699},{"name":"And  I click on next button","status":"skipped","statusDetails":{"known":false,"muted":false,"flaky":false},"stage":"finished","steps":[],"attachments":[],"parameters":[],"start":1654058349699,"stop":1654058349699},{"name":"Then  Usage even tab should be displayed","status":"skipped","statusDetails":{"known":false,"muted":false,"flaky":false},"stage":"finished","steps":[],"attachments":[],"parameters":[],"start":1654058349699,"stop":1654058349699}],"attachments":[],"parameters":[{"name":"region","value":"\"EMEA\""},{"name":"country","value":"\"France\""}],"start":1654058314347,"stop":1654058349699,"uuid":"97dff7d8-bf9a-4318-8abc-1da06718c719","historyId":"a62d495d0f92c4ed588638d0a89464b3","fullName":"To validate service feature: To verify Advance Tab details","labels":[{"name":"tag","value":"devweb"},{"name":"host","value":"INNOIL00093"},{"name":"thread","value":"15332@INNOIL00093.main(1)"},{"name":"feature","value":"To validate service feature"},{"name":"story","value":"To verify Advance Tab details"},{"name":"suite","value":"To validate service feature"},{"name":"testClass","value":"To verify Advance Tab details"},{"name":"framework","value":"cucumber4jvm"},{"name":"language","value":"java"},{"name":"gherkin_uri","value":"file:///D:/GitlabProject/admin-control-automation-test/src/test/resources/features/services.feature"},{"name":"package","value":"src.test.resources.features.services_feature.To validate service feature"}],"links":[]}