{"name":"To verify  Service Provider basic info page","status":"broken","statusDetails":{"known":false,"muted":false,"flaky":false,"message":"no such element: Unable to locate element: {\"method\":\"xpath\",\"selector\":\"//*[contains(text(), 'Service Catalog & Packages')]\"}\n  (Session info: chrome=102.0.5005.63)\nFor documentation on this error, please visit: https://www.seleniumhq.org/exceptions/no_such_element.html\nBuild info: version: '3.141.59', revision: 'e82be7d358', time: '2018-11-14T08:17:03'\nSystem info: host: 'INNOIL00171', ip: '192.168.1.32', os.name: 'Windows 10', os.arch: 'amd64', os.version: '10.0', java.version: '16.0.2'\nDriver info: org.openqa.selenium.chrome.ChromeDriver\nCapabilities {acceptInsecureCerts: false, browserName: chrome, browserVersion: 102.0.5005.63, chrome: {chromedriverVersion: 101.0.4951.41 (93c720db8323..., userDataDir: C:\\Users\\SSRIVA~1\\AppData\\L...}, goog:chromeOptions: {debuggerAddress: localhost:50621}, javascriptEnabled: true, networkConnectionEnabled: false, pageLoadStrategy: normal, platform: WINDOWS, platformName: WINDOWS, proxy: Proxy(), setWindowRect: true, strictFileInteractability: false, timeouts: {implicit: 0, pageLoad: 300000, script: 30000}, unhandledPromptBehavior: dismiss and notify, webauthn:extension:credBlob: true, webauthn:extension:largeBlob: true, webauthn:virtualAuthenticators: true}\nSession ID: 52e953e0e9db72fe5a3299f10f63583e\n*** Element info: {Using=xpath, value=//*[contains(text(), 'Service Catalog & Packages')]}","trace":"org.openqa.selenium.NoSuchElementException: no such element: Unable to locate element: {\"method\":\"xpath\",\"selector\":\"//*[contains(text(), 'Service Catalog & Packages')]\"}\n  (Session info: chrome=102.0.5005.63)\nFor documentation on this error, please visit: https://www.seleniumhq.org/exceptions/no_such_element.html\nBuild info: version: '3.141.59', revision: 'e82be7d358', time: '2018-11-14T08:17:03'\nSystem info: host: 'INNOIL00171', ip: '192.168.1.32', os.name: 'Windows 10', os.arch: 'amd64', os.version: '10.0', java.version: '16.0.2'\nDriver info: org.openqa.selenium.chrome.ChromeDriver\nCapabilities {acceptInsecureCerts: false, browserName: chrome, browserVersion: 102.0.5005.63, chrome: {chromedriverVersion: 101.0.4951.41 (93c720db8323..., userDataDir: C:\\Users\\SSRIVA~1\\AppData\\L...}, goog:chromeOptions: {debuggerAddress: localhost:50621}, javascriptEnabled: true, networkConnectionEnabled: false, pageLoadStrategy: normal, platform: WINDOWS, platformName: WINDOWS, proxy: Proxy(), setWindowRect: true, strictFileInteractability: false, timeouts: {implicit: 0, pageLoad: 300000, script: 30000}, unhandledPromptBehavior: dismiss and notify, webauthn:extension:credBlob: true, webauthn:extension:largeBlob: true, webauthn:virtualAuthenticators: true}\nSession ID: 52e953e0e9db72fe5a3299f10f63583e\n*** Element info: {Using=xpath, value=//*[contains(text(), 'Service Catalog & Packages')]}\r\n\tat java.base/jdk.internal.reflect.NativeConstructorAccessorImpl.newInstance0(Native Method)\r\n\tat java.base/jdk.internal.reflect.NativeConstructorAccessorImpl.newInstance(NativeConstructorAccessorImpl.java:78)\r\n\tat java.base/jdk.internal.reflect.DelegatingConstructorAccessorImpl.newInstance(DelegatingConstructorAccessorImpl.java:45)\r\n\tat java.base/java.lang.reflect.Constructor.newInstanceWithCaller(Constructor.java:499)\r\n\tat java.base/java.lang.reflect.Constructor.newInstance(Constructor.java:480)\r\n\tat org.openqa.selenium.remote.http.W3CHttpResponseCodec.createException(W3CHttpResponseCodec.java:187)\r\n\tat org.openqa.selenium.remote.http.W3CHttpResponseCodec.decode(W3CHttpResponseCodec.java:122)\r\n\tat org.openqa.selenium.remote.http.W3CHttpResponseCodec.decode(W3CHttpResponseCodec.java:49)\r\n\tat org.openqa.selenium.remote.HttpCommandExecutor.execute(HttpCommandExecutor.java:158)\r\n\tat org.openqa.selenium.remote.service.DriverCommandExecutor.execute(DriverCommandExecutor.java:83)\r\n\tat org.openqa.selenium.remote.RemoteWebDriver.execute(RemoteWebDriver.java:552)\r\n\tat org.openqa.selenium.remote.RemoteWebDriver.findElement(RemoteWebDriver.java:323)\r\n\tat org.openqa.selenium.remote.RemoteWebDriver.findElementByXPath(RemoteWebDriver.java:428)\r\n\tat org.openqa.selenium.By$ByXPath.findElement(By.java:353)\r\n\tat org.openqa.selenium.remote.RemoteWebDriver.findElement(RemoteWebDriver.java:315)\r\n\tat web.WebDriverBase.clickCheckBoxByText(WebDriverBase.java:180)\r\n\tat web.WebDriverBase.waitandClick(WebDriverBase.java:189)\r\n\tat web.pages.providersPage.navigateToProviderPage(providersPage.java:25)\r\n\tat stepdefinitions.providerSteps.user_clicks_service_and_catalog_menu_and_navigate_to_porivder_menu(providerSteps.java:14)\r\n\tat ✽.User clicks  Service and catalog Menu and navigate to Porivder menu(file:///D:/Web/admin-control-automation-test/src/test/resources/features/ServiceProvider.feature:6)\r\n"},"stage":"finished","steps":[{"name":"Given  User is logged in already","status":"passed","statusDetails":{"known":false,"muted":false,"flaky":false},"stage":"finished","steps":[],"attachments":[],"parameters":[],"start":1656310786442,"stop":1656310787961},{"name":"When  User clicks  Service and catalog Menu and navigate to Porivder menu","status":"broken","statusDetails":{"known":false,"muted":false,"flaky":false,"message":"no such element: Unable to locate element: {\"method\":\"xpath\",\"selector\":\"//*[contains(text(), 'Service Catalog & Packages')]\"}\n  (Session info: chrome=102.0.5005.63)\nFor documentation on this error, please visit: https://www.seleniumhq.org/exceptions/no_such_element.html\nBuild info: version: '3.141.59', revision: 'e82be7d358', time: '2018-11-14T08:17:03'\nSystem info: host: 'INNOIL00171', ip: '192.168.1.32', os.name: 'Windows 10', os.arch: 'amd64', os.version: '10.0', java.version: '16.0.2'\nDriver info: org.openqa.selenium.chrome.ChromeDriver\nCapabilities {acceptInsecureCerts: false, browserName: chrome, browserVersion: 102.0.5005.63, chrome: {chromedriverVersion: 101.0.4951.41 (93c720db8323..., userDataDir: C:\\Users\\SSRIVA~1\\AppData\\L...}, goog:chromeOptions: {debuggerAddress: localhost:50621}, javascriptEnabled: true, networkConnectionEnabled: false, pageLoadStrategy: normal, platform: WINDOWS, platformName: WINDOWS, proxy: Proxy(), setWindowRect: true, strictFileInteractability: false, timeouts: {implicit: 0, pageLoad: 300000, script: 30000}, unhandledPromptBehavior: dismiss and notify, webauthn:extension:credBlob: true, webauthn:extension:largeBlob: true, webauthn:virtualAuthenticators: true}\nSession ID: 52e953e0e9db72fe5a3299f10f63583e\n*** Element info: {Using=xpath, value=//*[contains(text(), 'Service Catalog & Packages')]}","trace":"org.openqa.selenium.NoSuchElementException: no such element: Unable to locate element: {\"method\":\"xpath\",\"selector\":\"//*[contains(text(), 'Service Catalog & Packages')]\"}\n  (Session info: chrome=102.0.5005.63)\nFor documentation on this error, please visit: https://www.seleniumhq.org/exceptions/no_such_element.html\nBuild info: version: '3.141.59', revision: 'e82be7d358', time: '2018-11-14T08:17:03'\nSystem info: host: 'INNOIL00171', ip: '192.168.1.32', os.name: 'Windows 10', os.arch: 'amd64', os.version: '10.0', java.version: '16.0.2'\nDriver info: org.openqa.selenium.chrome.ChromeDriver\nCapabilities {acceptInsecureCerts: false, browserName: chrome, browserVersion: 102.0.5005.63, chrome: {chromedriverVersion: 101.0.4951.41 (93c720db8323..., userDataDir: C:\\Users\\SSRIVA~1\\AppData\\L...}, goog:chromeOptions: {debuggerAddress: localhost:50621}, javascriptEnabled: true, networkConnectionEnabled: false, pageLoadStrategy: normal, platform: WINDOWS, platformName: WINDOWS, proxy: Proxy(), setWindowRect: true, strictFileInteractability: false, timeouts: {implicit: 0, pageLoad: 300000, script: 30000}, unhandledPromptBehavior: dismiss and notify, webauthn:extension:credBlob: true, webauthn:extension:largeBlob: true, webauthn:virtualAuthenticators: true}\nSession ID: 52e953e0e9db72fe5a3299f10f63583e\n*** Element info: {Using=xpath, value=//*[contains(text(), 'Service Catalog & Packages')]}\r\n\tat java.base/jdk.internal.reflect.NativeConstructorAccessorImpl.newInstance0(Native Method)\r\n\tat java.base/jdk.internal.reflect.NativeConstructorAccessorImpl.newInstance(NativeConstructorAccessorImpl.java:78)\r\n\tat java.base/jdk.internal.reflect.DelegatingConstructorAccessorImpl.newInstance(DelegatingConstructorAccessorImpl.java:45)\r\n\tat java.base/java.lang.reflect.Constructor.newInstanceWithCaller(Constructor.java:499)\r\n\tat java.base/java.lang.reflect.Constructor.newInstance(Constructor.java:480)\r\n\tat org.openqa.selenium.remote.http.W3CHttpResponseCodec.createException(W3CHttpResponseCodec.java:187)\r\n\tat org.openqa.selenium.remote.http.W3CHttpResponseCodec.decode(W3CHttpResponseCodec.java:122)\r\n\tat org.openqa.selenium.remote.http.W3CHttpResponseCodec.decode(W3CHttpResponseCodec.java:49)\r\n\tat org.openqa.selenium.remote.HttpCommandExecutor.execute(HttpCommandExecutor.java:158)\r\n\tat org.openqa.selenium.remote.service.DriverCommandExecutor.execute(DriverCommandExecutor.java:83)\r\n\tat org.openqa.selenium.remote.RemoteWebDriver.execute(RemoteWebDriver.java:552)\r\n\tat org.openqa.selenium.remote.RemoteWebDriver.findElement(RemoteWebDriver.java:323)\r\n\tat org.openqa.selenium.remote.RemoteWebDriver.findElementByXPath(RemoteWebDriver.java:428)\r\n\tat org.openqa.selenium.By$ByXPath.findElement(By.java:353)\r\n\tat org.openqa.selenium.remote.RemoteWebDriver.findElement(RemoteWebDriver.java:315)\r\n\tat web.WebDriverBase.clickCheckBoxByText(WebDriverBase.java:180)\r\n\tat web.WebDriverBase.waitandClick(WebDriverBase.java:189)\r\n\tat web.pages.providersPage.navigateToProviderPage(providersPage.java:25)\r\n\tat stepdefinitions.providerSteps.user_clicks_service_and_catalog_menu_and_navigate_to_porivder_menu(providerSteps.java:14)\r\n\tat ✽.User clicks  Service and catalog Menu and navigate to Porivder menu(file:///D:/Web/admin-control-automation-test/src/test/resources/features/ServiceProvider.feature:6)\r\n"},"stage":"finished","steps":[],"attachments":[],"parameters":[],"start":1656310787966,"stop":1656310787998},{"name":"And  User clicks on add provider button","status":"skipped","statusDetails":{"known":false,"muted":false,"flaky":false},"stage":"finished","steps":[],"attachments":[],"parameters":[],"start":1656310787998,"stop":1656310787999},{"name":"And  User Enter the data   \"central tenant\"   \"provider1\"","status":"skipped","statusDetails":{"known":false,"muted":false,"flaky":false},"stage":"finished","steps":[],"attachments":[],"parameters":[],"start":1656310787999,"stop":1656310788000},{"name":"And  User clicks Next button","status":"skipped","statusDetails":{"known":false,"muted":false,"flaky":false},"stage":"finished","steps":[],"attachments":[],"parameters":[],"start":1656310788000,"stop":1656310788000},{"name":"Then  User comes on the Advanced tab","status":"skipped","statusDetails":{"known":false,"muted":false,"flaky":false},"stage":"finished","steps":[],"attachments":[],"parameters":[],"start":1656310788001,"stop":1656310788001}],"attachments":[],"parameters":[{"name":"tenantname","value":"\"central tenant\""},{"name":"providerName","value":"\"provider1\""}],"start":1656310786439,"stop":1656310788017,"uuid":"a5ea1440-5808-475f-ac0b-79e1f04f8e05","historyId":"9cbf9bd597ed7564caaf6130bb425b30","fullName":"To verify service provider page: To verify  Service Provider basic info page","labels":[{"name":"tag","value":"devweb"},{"name":"host","value":"INNOIL00171"},{"name":"thread","value":"18972@INNOIL00171.main(1)"},{"name":"feature","value":"To verify service provider page"},{"name":"story","value":"To verify  Service Provider basic info page"},{"name":"suite","value":"To verify service provider page"},{"name":"testClass","value":"To verify  Service Provider basic info page"},{"name":"framework","value":"cucumber4jvm"},{"name":"language","value":"java"},{"name":"gherkin_uri","value":"file:///D:/Web/admin-control-automation-test/src/test/resources/features/ServiceProvider.feature"},{"name":"package","value":"src.test.resources.features.ServiceProvider_feature.To verify service provider page"}],"links":[]}